<?xml version="1.0" encoding="UTF-8"?>
<testng-results skipped="0" failed="0" ignored="0" total="3" passed="3">
  <reporter-output>
  </reporter-output>
  <suite name="Default suite" duration-ms="267050" started-at="2021-12-13T18:49:19Z" finished-at="2021-12-13T18:53:46Z">
    <groups>
    </groups>
    <test name="Default test" duration-ms="267050" started-at="2021-12-13T18:49:19Z" finished-at="2021-12-13T18:53:46Z">
      <class name="TestP.TestCasesClass">
        <test-method status="PASS" signature="beforeSuite()[pri:0, instance:TestP.TestCasesClass@1fa1d9b]" name="beforeSuite" is-config="true" duration-ms="90" started-at="2021-12-13T18:49:19Z" finished-at="2021-12-13T18:49:19Z">
          <reporter-output>
          </reporter-output>
        </test-method> <!-- beforeSuite -->
        <test-method status="PASS" signature="beforeClass()[pri:0, instance:TestP.TestCasesClass@1fa1d9b]" name="beforeClass" is-config="true" duration-ms="0" started-at="2021-12-13T18:49:19Z" finished-at="2021-12-13T18:49:19Z">
          <reporter-output>
          </reporter-output>
        </test-method> <!-- beforeClass -->
        <test-method status="PASS" signature="beforeMehtodClass()[pri:0, instance:TestP.TestCasesClass@1fa1d9b]" name="beforeMehtodClass" is-config="true" duration-ms="19500" started-at="2021-12-13T18:49:19Z" finished-at="2021-12-13T18:49:38Z">
          <reporter-output>
          </reporter-output>
        </test-method> <!-- beforeMehtodClass -->
        <test-method status="PASS" signature="positiveBooking()[pri:1, instance:TestP.TestCasesClass@1fa1d9b]" name="positiveBooking" duration-ms="77782" started-at="2021-12-13T18:49:38Z" finished-at="2021-12-13T18:50:56Z">
          <reporter-output>
          </reporter-output>
        </test-method> <!-- positiveBooking -->
        <test-method status="PASS" signature="close()[pri:0, instance:TestP.TestCasesClass@1fa1d9b]" name="close" is-config="true" duration-ms="0" started-at="2021-12-13T18:50:56Z" finished-at="2021-12-13T18:50:56Z">
          <reporter-output>
          </reporter-output>
        </test-method> <!-- close -->
        <test-method status="PASS" signature="negativeOne()[pri:2, instance:TestP.TestCasesClass@1fa1d9b]" name="negativeOne" duration-ms="70851" started-at="2021-12-13T18:50:56Z" finished-at="2021-12-13T18:52:07Z">
          <reporter-output>
          </reporter-output>
        </test-method> <!-- negativeOne -->
        <test-method status="PASS" signature="beforeMehtodClass()[pri:0, instance:TestP.TestCasesClass@1fa1d9b]" name="beforeMehtodClass" is-config="true" duration-ms="0" started-at="2021-12-13T18:50:56Z" finished-at="2021-12-13T18:50:56Z">
          <reporter-output>
          </reporter-output>
        </test-method> <!-- beforeMehtodClass -->
        <test-method status="PASS" signature="negativeTwo()[pri:3, instance:TestP.TestCasesClass@1fa1d9b]" name="negativeTwo" duration-ms="98070" started-at="2021-12-13T18:52:07Z" finished-at="2021-12-13T18:53:45Z">
          <reporter-output>
          </reporter-output>
        </test-method> <!-- negativeTwo -->
        <test-method status="PASS" signature="beforeMehtodClass()[pri:0, instance:TestP.TestCasesClass@1fa1d9b]" name="beforeMehtodClass" is-config="true" duration-ms="0" started-at="2021-12-13T18:52:07Z" finished-at="2021-12-13T18:52:07Z">
          <reporter-output>
          </reporter-output>
        </test-method> <!-- beforeMehtodClass -->
        <test-method status="PASS" signature="close()[pri:0, instance:TestP.TestCasesClass@1fa1d9b]" name="close" is-config="true" duration-ms="0" started-at="2021-12-13T18:52:07Z" finished-at="2021-12-13T18:52:07Z">
          <reporter-output>
          </reporter-output>
        </test-method> <!-- close -->
        <test-method status="PASS" signature="close()[pri:0, instance:TestP.TestCasesClass@1fa1d9b]" name="close" is-config="true" duration-ms="0" started-at="2021-12-13T18:53:45Z" finished-at="2021-12-13T18:53:45Z">
          <reporter-output>
          </reporter-output>
        </test-method> <!-- close -->
        <test-method status="PASS" signature="afterClass()[pri:0, instance:TestP.TestCasesClass@1fa1d9b]" name="afterClass" is-config="true" duration-ms="707" started-at="2021-12-13T18:53:45Z" finished-at="2021-12-13T18:53:46Z">
          <reporter-output>
          </reporter-output>
        </test-method> <!-- afterClass -->
        <test-method status="PASS" signature="afterSuite()[pri:0, instance:TestP.TestCasesClass@1fa1d9b]" name="afterSuite" is-config="true" duration-ms="1313" started-at="2021-12-13T18:53:46Z" finished-at="2021-12-13T18:53:47Z">
          <reporter-output>
          </reporter-output>
        </test-method> <!-- afterSuite -->
      </class> <!-- TestP.TestCasesClass -->
    </test> <!-- Default test -->
  </suite> <!-- Default suite -->
</testng-results>
