<?xml version="1.0" encoding="UTF-8"?>
<!-- Generated by org.testng.reporters.JUnitXMLReporter -->
<testsuite hostname="Ranjeet-PC" ignored="0" name="Default test" tests="3" failures="0" timestamp="13 Dec 2021 18:53:46 GMT" time="267.05" errors="0">
  <testcase name="positiveBooking" time="77.782" classname="TestP.TestCasesClass"/>
  <testcase name="negativeOne" time="70.851" classname="TestP.TestCasesClass"/>
  <testcase name="negativeTwo" time="98.07" classname="TestP.TestCasesClass"/>
</testsuite> <!-- Default test -->
